<?xml version="1.0" encoding="UTF-8"?>
<!-- Generated by org.testng.reporters.JUnitReportReporter -->
<testsuite skipped="0" hostname="Vaibhavs-MacBook-Air.local" name="testngrunner.testngpratice" tests="1" failures="0" timestamp="2023-09-08T11:35:02 IST" time="0.003" errors="0">
  <testcase name="testtitle" time="0.003" classname="testngrunner.testngpratice"/>
  <system-out/>
</testsuite> <!-- testngrunner.testngpratice -->
