<?xml version="1.0" encoding="UTF-8"?>
<!-- Generated by org.testng.reporters.JUnitReportReporter -->
<testsuite skipped="0" hostname="Vaibhavs-MacBook-Air.local" name="praticetestngtitle" tests="1" failures="0" timestamp="2023-09-07T16:44:33 IST" time="4.153" errors="0">
  <testcase name="Titletest" time="4.153" classname="praticetestngtitle"/>
  <system-out/>
</testsuite> <!-- praticetestngtitle -->
