<?xml version="1.0" encoding="UTF-8"?>
<!-- Generated by org.testng.reporters.JUnitReportReporter -->
<testsuite skipped="0" hostname="Vaibhavs-MacBook-Air.local" name="testngrunner.praticetestngtitle" tests="1" failures="0" timestamp="2023-09-08T11:35:02 IST" time="3.543" errors="0">
  <testcase name="Titletest" time="3.543" classname="testngrunner.praticetestngtitle"/>
  <system-out/>
</testsuite> <!-- testngrunner.praticetestngtitle -->
