<?xml version="1.0" encoding="UTF-8"?>
<!-- Generated by org.testng.reporters.JUnitReportReporter -->
<testsuite skipped="0" hostname="Vaibhavs-MacBook-Air.local" name="testngpratice" tests="1" failures="0" timestamp="2023-09-07T13:51:31 IST" time="0.011" errors="0">
  <testcase name="testtitle" time="0.011" classname="testngpratice"/>
  <system-out/>
</testsuite> <!-- testngpratice -->
